This file contains any messages produced by compilers while
running configure, to aid debugging if configure makes a mistake.

It was created by SparkleShare configure 0.2-beta1, which was
generated by GNU Autoconf 2.63.  Invocation command line was

  $ ./configure 

## --------- ##
## Platform. ##
## --------- ##

hostname = sascha-Aspire-5670
uname -m = i686
uname -r = 2.6.35-24-generic
uname -s = Linux
uname -v = #42-Ubuntu SMP Thu Dec 2 01:41:57 UTC 2010

/usr/bin/uname -p = unknown
/bin/uname -X     = unknown

/bin/arch              = unknown
/usr/bin/arch -k       = unknown
/usr/convex/getsysinfo = unknown
/usr/bin/hostinfo      = unknown
/bin/machine           = unknown
/usr/bin/oslevel       = unknown
/bin/universe          = unknown

PATH: /usr/local/sbin
PATH: /usr/local/bin
PATH: /usr/sbin
PATH: /usr/bin
PATH: /sbin
PATH: /bin
PATH: /usr/games


## ----------- ##
## Core tests. ##
## ----------- ##

configure:2012: checking for a BSD-compatible install
configure:2080: result: /usr/bin/install -c
configure:2091: checking whether build environment is sane
configure:2151: result: yes
configure:2292: checking for a thread-safe mkdir -p
configure:2331: result: /bin/mkdir -p
configure:2344: checking for gawk
configure:2374: result: no
configure:2344: checking for mawk
configure:2360: found /usr/bin/mawk
configure:2371: result: mawk
configure:2382: checking whether make sets $(MAKE)
configure:2404: result: yes
configure:2487: checking whether to enable maintainer-specific portions of Makefiles
configure:2496: result: no
configure:2515: checking for pkg-config
configure:2533: found /usr/bin/pkg-config
configure:2546: result: /usr/bin/pkg-config
configure:2564: checking whether NLS is requested
configure:2573: result: yes
configure:2589: checking for style of include used by make
configure:2617: result: GNU
configure:2687: checking for gcc
configure:2703: found /usr/bin/gcc
configure:2714: result: gcc
configure:2946: checking for C compiler version
configure:2954: gcc --version >&5
gcc (Ubuntu/Linaro 4.4.4-14ubuntu5) 4.4.5
Copyright (C) 2010 Free Software Foundation, Inc.
This is free software; see the source for copying conditions.  There is NO
warranty; not even for MERCHANTABILITY or FITNESS FOR A PARTICULAR PURPOSE.

configure:2958: $? = 0
configure:2965: gcc -v >&5
Using built-in specs.
Target: i686-linux-gnu
Configured with: ../src/configure -v --with-pkgversion='Ubuntu/Linaro 4.4.4-14ubuntu5' --with-bugurl=file:///usr/share/doc/gcc-4.4/README.Bugs --enable-languages=c,c++,fortran,objc,obj-c++ --prefix=/usr --program-suffix=-4.4 --enable-shared --enable-multiarch --enable-linker-build-id --with-system-zlib --libexecdir=/usr/lib --without-included-gettext --enable-threads=posix --with-gxx-include-dir=/usr/include/c++/4.4 --libdir=/usr/lib --enable-nls --with-sysroot=/ --enable-clocale=gnu --enable-libstdcxx-debug --enable-objc-gc --enable-targets=all --disable-werror --with-arch-32=i686 --with-tune=generic --enable-checking=release --build=i686-linux-gnu --host=i686-linux-gnu --target=i686-linux-gnu
Thread model: posix
gcc version 4.4.5 (Ubuntu/Linaro 4.4.4-14ubuntu5) 
configure:2969: $? = 0
configure:2976: gcc -V >&5
gcc: '-V' option must have argument
configure:2980: $? = 1
configure:3003: checking for C compiler default output file name
configure:3025: gcc    conftest.c  >&5
configure:3029: $? = 0
configure:3067: result: a.out
configure:3086: checking whether the C compiler works
configure:3096: ./a.out
configure:3100: $? = 0
configure:3119: result: yes
configure:3126: checking whether we are cross compiling
configure:3128: result: no
configure:3131: checking for suffix of executables
configure:3138: gcc -o conftest    conftest.c  >&5
configure:3142: $? = 0
configure:3168: result: 
configure:3174: checking for suffix of object files
configure:3200: gcc -c   conftest.c >&5
configure:3204: $? = 0
configure:3229: result: o
configure:3233: checking whether we are using the GNU C compiler
configure:3262: gcc -c   conftest.c >&5
configure:3269: $? = 0
configure:3286: result: yes
configure:3295: checking whether gcc accepts -g
configure:3325: gcc -c -g  conftest.c >&5
configure:3332: $? = 0
configure:3433: result: yes
configure:3450: checking for gcc option to accept ISO C89
configure:3524: gcc  -c -g -O2  conftest.c >&5
configure:3531: $? = 0
configure:3554: result: none needed
configure:3574: checking dependency style of gcc
configure:3684: result: none
configure:3713: checking for intltool >= 0.40.6
configure:3720: result: 0.41.1 found
configure:3730: checking for intltool-update
configure:3748: found /usr/bin/intltool-update
configure:3760: result: /usr/bin/intltool-update
configure:3770: checking for intltool-merge
configure:3788: found /usr/bin/intltool-merge
configure:3800: result: /usr/bin/intltool-merge
configure:3810: checking for intltool-extract
configure:3828: found /usr/bin/intltool-extract
configure:3840: result: /usr/bin/intltool-extract
configure:3973: checking for xgettext
configure:3991: found /usr/bin/xgettext
configure:4003: result: /usr/bin/xgettext
configure:4013: checking for msgmerge
configure:4031: found /usr/bin/msgmerge
configure:4043: result: /usr/bin/msgmerge
configure:4053: checking for msgfmt
configure:4071: found /usr/bin/msgfmt
configure:4083: result: /usr/bin/msgfmt
configure:4093: checking for gmsgfmt
configure:4124: result: /usr/bin/msgfmt
configure:4148: checking for perl
configure:4166: found /usr/bin/perl
configure:4178: result: /usr/bin/perl
configure:4191: checking for perl >= 5.8.1
configure:4200: result: 5.10.1
configure:4204: checking for XML::Parser
configure:4207: result: ok
configure:4244: gcc -o conftest -g -O2   conftest.c  >&5
configure:4251: $? = 0
configure:4530: checking pkg-config is at least version 0.9.0
configure:4533: result: yes
configure:4542: checking whether ln -s works
configure:4546: result: yes
configure:4565: checking for GNOME_DOC_UTILS
configure:4572: $PKG_CONFIG --exists --print-errors "gnome-doc-utils"
configure:4575: $? = 0
configure:4588: $PKG_CONFIG --exists --print-errors "gnome-doc-utils"
configure:4591: $? = 0
configure:4626: result: yes
configure:4746: checking gnome-doc-utils >= 0.17.3
configure:4749: $PKG_CONFIG --exists --print-errors "gnome-doc-utils >= $gdu_cv_version_required"
configure:4752: $? = 0
configure:4760: result: yes
configure:4867: checking for a BSD-compatible install
configure:4935: result: /usr/bin/install -c
configure:4949: checking for gmcs
configure:4967: found /usr/bin/gmcs
configure:4980: result: /usr/bin/gmcs
configure:5046: checking for NDESK_DBUS
configure:5053: $PKG_CONFIG --exists --print-errors "ndesk-dbus-1.0"
configure:5056: $? = 0
configure:5069: $PKG_CONFIG --exists --print-errors "ndesk-dbus-1.0"
configure:5072: $? = 0
configure:5149: result: yes
configure:5156: checking for NDESK_DBUS_GLIB
configure:5163: $PKG_CONFIG --exists --print-errors "ndesk-dbus-glib-1.0"
configure:5166: $? = 0
configure:5179: $PKG_CONFIG --exists --print-errors "ndesk-dbus-glib-1.0"
configure:5182: $? = 0
configure:5259: result: yes
configure:5271: checking for GTKSHARP
configure:5278: $PKG_CONFIG --exists --print-errors "gtk-sharp-2.0 >= $GTKSHARP_REQUIRED"
configure:5281: $? = 0
configure:5294: $PKG_CONFIG --exists --print-errors "gtk-sharp-2.0 >= $GTKSHARP_REQUIRED"
configure:5297: $? = 0
configure:5374: result: yes
configure:5382: checking for GLIBSHARP
configure:5389: $PKG_CONFIG --exists --print-errors "glib-sharp-2.0 >= $GTKSHARP_REQUIRED"
configure:5392: $? = 0
configure:5405: $PKG_CONFIG --exists --print-errors "glib-sharp-2.0 >= $GTKSHARP_REQUIRED"
configure:5408: $? = 0
configure:5485: result: yes
configure:5493: checking for GLIBSHARP_2_12_7
configure:5500: $PKG_CONFIG --exists --print-errors "glib-sharp-2.0 >= 2.12.7"
configure:5503: $? = 0
configure:5516: $PKG_CONFIG --exists --print-errors "glib-sharp-2.0 >= 2.12.7"
configure:5519: $? = 0
configure:5554: result: yes
configure:5569: checking for GTKSHARP_A11Y
configure:5576: $PKG_CONFIG --exists --print-errors "gtk-sharp-2.0 >= 2.12.10"
configure:5579: $? = 0
configure:5592: $PKG_CONFIG --exists --print-errors "gtk-sharp-2.0 >= 2.12.10"
configure:5595: $? = 0
configure:5630: result: yes
configure:5836: checking for MONO_MODULE
configure:5843: $PKG_CONFIG --exists --print-errors "mono >= 2.2"
configure:5846: $? = 0
configure:5859: $PKG_CONFIG --exists --print-errors "mono >= 2.2"
configure:5862: $? = 0
configure:5939: result: yes
configure:5950: checking for gmcs
configure:5968: found /usr/bin/gmcs
configure:5981: result: /usr/bin/gmcs
configure:6003: checking for mono
configure:6021: found /usr/bin/mono
configure:6034: result: /usr/bin/mono
configure:6058: checking for Mono 2.0 GAC for System.dll
configure:6064: result: found
configure:6058: checking for Mono 2.0 GAC for System.Security.dll
configure:6064: result: found
configure:6058: checking for Mono 2.0 GAC for Mono.Posix.dll
configure:6064: result: found
configure:6080: checking for NAUTILUS_PYTHON
configure:6087: $PKG_CONFIG --exists --print-errors "nautilus-python"
configure:6090: $? = 0
configure:6103: $PKG_CONFIG --exists --print-errors "nautilus-python"
configure:6106: $? = 0
configure:6141: result: yes
configure:6193: checking for sed
configure:6209: found /bin/sed
configure:6221: result: sed
configure:6534: creating ./config.status

## ---------------------- ##
## Running config.status. ##
## ---------------------- ##

This file was extended by SparkleShare config.status 0.2-beta1, which was
generated by GNU Autoconf 2.63.  Invocation command line was

  CONFIG_FILES    = 
  CONFIG_HEADERS  = 
  CONFIG_LINKS    = 
  CONFIG_COMMANDS = 
  $ ./config.status 

on sascha-Aspire-5670

config.status:828: creating build/Makefile
config.status:828: creating build/m4/Makefile
config.status:828: creating build/m4/shave/shave
config.status:828: creating build/m4/shave/shave-libtool
config.status:828: creating data/Makefile
config.status:828: creating data/icons/Makefile
config.status:828: creating help/Makefile
config.status:828: creating FriendFace/Makefile
config.status:828: creating NotifySharp/Makefile
config.status:828: creating SparkleDiff/Makefile
config.status:828: creating SparkleLib/AssemblyInfo.cs
config.status:828: creating SparkleLib/Defines.cs
config.status:828: creating SparkleLib/Makefile
config.status:828: creating SparkleShare/sparkleshare
config.status:828: creating SparkleShare/Makefile
config.status:828: creating SparkleShare/Nautilus/Makefile
config.status:828: creating SparkleShare/Nautilus/sparkleshare-nautilus-extension.py
config.status:828: creating po/Makefile.in
config.status:828: creating Makefile
config.status:1039: executing depfiles commands
config.status:1039: executing po/stamp-it commands

## ---------------- ##
## Cache variables. ##
## ---------------- ##

ac_cv_c_compiler_gnu=yes
ac_cv_env_CC_set=
ac_cv_env_CC_value=
ac_cv_env_CFLAGS_set=
ac_cv_env_CFLAGS_value=
ac_cv_env_CPPFLAGS_set=
ac_cv_env_CPPFLAGS_value=
ac_cv_env_GLIBSHARP_2_12_7_CFLAGS_set=
ac_cv_env_GLIBSHARP_2_12_7_CFLAGS_value=
ac_cv_env_GLIBSHARP_2_12_7_LIBS_set=
ac_cv_env_GLIBSHARP_2_12_7_LIBS_value=
ac_cv_env_GLIBSHARP_CFLAGS_set=
ac_cv_env_GLIBSHARP_CFLAGS_value=
ac_cv_env_GLIBSHARP_LIBS_set=
ac_cv_env_GLIBSHARP_LIBS_value=
ac_cv_env_GNOME_DOC_UTILS_CFLAGS_set=
ac_cv_env_GNOME_DOC_UTILS_CFLAGS_value=
ac_cv_env_GNOME_DOC_UTILS_LIBS_set=
ac_cv_env_GNOME_DOC_UTILS_LIBS_value=
ac_cv_env_GTKSHARP_A11Y_CFLAGS_set=
ac_cv_env_GTKSHARP_A11Y_CFLAGS_value=
ac_cv_env_GTKSHARP_A11Y_LIBS_set=
ac_cv_env_GTKSHARP_A11Y_LIBS_value=
ac_cv_env_GTKSHARP_CFLAGS_set=
ac_cv_env_GTKSHARP_CFLAGS_value=
ac_cv_env_GTKSHARP_LIBS_set=
ac_cv_env_GTKSHARP_LIBS_value=
ac_cv_env_LDFLAGS_set=
ac_cv_env_LDFLAGS_value=
ac_cv_env_LIBS_set=
ac_cv_env_LIBS_value=
ac_cv_env_MONO_MODULE_CFLAGS_set=
ac_cv_env_MONO_MODULE_CFLAGS_value=
ac_cv_env_MONO_MODULE_LIBS_set=
ac_cv_env_MONO_MODULE_LIBS_value=
ac_cv_env_NAUTILUS_PYTHON_CFLAGS_set=
ac_cv_env_NAUTILUS_PYTHON_CFLAGS_value=
ac_cv_env_NAUTILUS_PYTHON_LIBS_set=
ac_cv_env_NAUTILUS_PYTHON_LIBS_value=
ac_cv_env_NDESK_DBUS_CFLAGS_set=
ac_cv_env_NDESK_DBUS_CFLAGS_value=
ac_cv_env_NDESK_DBUS_GLIB_CFLAGS_set=
ac_cv_env_NDESK_DBUS_GLIB_CFLAGS_value=
ac_cv_env_NDESK_DBUS_GLIB_LIBS_set=
ac_cv_env_NDESK_DBUS_GLIB_LIBS_value=
ac_cv_env_NDESK_DBUS_LIBS_set=
ac_cv_env_NDESK_DBUS_LIBS_value=
ac_cv_env_NUNIT_CFLAGS_set=
ac_cv_env_NUNIT_CFLAGS_value=
ac_cv_env_NUNIT_LIBS_set=
ac_cv_env_NUNIT_LIBS_value=
ac_cv_env_PKG_CONFIG_set=
ac_cv_env_PKG_CONFIG_value=
ac_cv_env_build_alias_set=
ac_cv_env_build_alias_value=
ac_cv_env_host_alias_set=
ac_cv_env_host_alias_value=
ac_cv_env_target_alias_set=
ac_cv_env_target_alias_value=
ac_cv_objext=o
ac_cv_path_GMCS=/usr/bin/gmcs
ac_cv_path_GMSGFMT=/usr/bin/msgfmt
ac_cv_path_INTLTOOL_EXTRACT=/usr/bin/intltool-extract
ac_cv_path_INTLTOOL_MERGE=/usr/bin/intltool-merge
ac_cv_path_INTLTOOL_PERL=/usr/bin/perl
ac_cv_path_INTLTOOL_UPDATE=/usr/bin/intltool-update
ac_cv_path_MCS=/usr/bin/gmcs
ac_cv_path_MONO=/usr/bin/mono
ac_cv_path_MSGFMT=/usr/bin/msgfmt
ac_cv_path_MSGMERGE=/usr/bin/msgmerge
ac_cv_path_PKG_CONFIG=/usr/bin/pkg-config
ac_cv_path_XGETTEXT=/usr/bin/xgettext
ac_cv_path_install='/usr/bin/install -c'
ac_cv_path_mkdir=/bin/mkdir
ac_cv_prog_AWK=mawk
ac_cv_prog_SED=sed
ac_cv_prog_ac_ct_CC=gcc
ac_cv_prog_cc_c89=
ac_cv_prog_cc_g=yes
ac_cv_prog_make_make_set=yes
am_cv_CC_dependencies_compiler_type=none
gdu_cv_have_gdu=yes
gdu_cv_version_required=0.17.3
pkg_cv_GLIBSHARP_2_12_7_CFLAGS='-I:/usr/lib/pkgconfig/../../share/gapi-2.0/glib-api.xml  '
pkg_cv_GLIBSHARP_2_12_7_LIBS='-r:/usr/lib/pkgconfig/../../lib/cli/glib-sharp-2.0/glib-sharp.dll  '
pkg_cv_GLIBSHARP_CFLAGS='-I:/usr/lib/pkgconfig/../../share/gapi-2.0/glib-api.xml  '
pkg_cv_GLIBSHARP_LIBS='-r:/usr/lib/pkgconfig/../../lib/cli/glib-sharp-2.0/glib-sharp.dll  '
pkg_cv_GNOME_DOC_UTILS_CFLAGS=' '
pkg_cv_GNOME_DOC_UTILS_LIBS=' '
pkg_cv_GTKSHARP_A11Y_CFLAGS='-I:/usr/lib/pkgconfig/../../share/gapi-2.0/pango-api.xml -I:/usr/lib/pkgconfig/../../share/gapi-2.0/atk-api.xml -I:/usr/lib/pkgconfig/../../share/gapi-2.0/gdk-api.xml -I:/usr/lib/pkgconfig/../../share/gapi-2.0/gtk-api.xml -I:/usr/lib/pkgconfig/../../share/gapi-2.0/glib-api.xml  '
pkg_cv_GTKSHARP_A11Y_LIBS='-r:/usr/lib/pkgconfig/../../lib/cli/pango-sharp-2.0/pango-sharp.dll -r:/usr/lib/pkgconfig/../../lib/cli/atk-sharp-2.0/atk-sharp.dll -r:/usr/lib/pkgconfig/../../lib/cli/gdk-sharp-2.0/gdk-sharp.dll -r:/usr/lib/pkgconfig/../../lib/cli/gtk-sharp-2.0/gtk-sharp.dll -r:/usr/lib/pkgconfig/../../lib/cli/glib-sharp-2.0/glib-sharp.dll  '
pkg_cv_GTKSHARP_CFLAGS='-I:/usr/lib/pkgconfig/../../share/gapi-2.0/pango-api.xml -I:/usr/lib/pkgconfig/../../share/gapi-2.0/atk-api.xml -I:/usr/lib/pkgconfig/../../share/gapi-2.0/gdk-api.xml -I:/usr/lib/pkgconfig/../../share/gapi-2.0/gtk-api.xml -I:/usr/lib/pkgconfig/../../share/gapi-2.0/glib-api.xml  '
pkg_cv_GTKSHARP_LIBS='-r:/usr/lib/pkgconfig/../../lib/cli/pango-sharp-2.0/pango-sharp.dll -r:/usr/lib/pkgconfig/../../lib/cli/atk-sharp-2.0/atk-sharp.dll -r:/usr/lib/pkgconfig/../../lib/cli/gdk-sharp-2.0/gdk-sharp.dll -r:/usr/lib/pkgconfig/../../lib/cli/gtk-sharp-2.0/gtk-sharp.dll -r:/usr/lib/pkgconfig/../../lib/cli/glib-sharp-2.0/glib-sharp.dll  '
pkg_cv_MONO_MODULE_CFLAGS='-D_REENTRANT -pthread -I/usr/include/mono-1.0 -I/usr/include/glib-2.0 -I/usr/lib/glib-2.0/include  '
pkg_cv_MONO_MODULE_LIBS='-pthread -lmono -ldl -lpthread -lm -lgthread-2.0 -lrt -lglib-2.0  '
pkg_cv_NAUTILUS_PYTHON_CFLAGS=' '
pkg_cv_NAUTILUS_PYTHON_LIBS=' '
pkg_cv_NDESK_DBUS_CFLAGS=' '
pkg_cv_NDESK_DBUS_GLIB_CFLAGS=' '
pkg_cv_NDESK_DBUS_GLIB_LIBS='-r:/usr/lib/cli/NDesk.DBus.GLib-1.0/NDesk.DBus.GLib.dll -r:/usr/lib/cli/NDesk.DBus-1.0/NDesk.DBus.dll  '
pkg_cv_NDESK_DBUS_LIBS='-r:/usr/lib/cli/NDesk.DBus-1.0/NDesk.DBus.dll  '

## ----------------- ##
## Output variables. ##
## ----------------- ##

ACLOCAL='${SHELL} /home/sascha/Downloads/sparkleshare-0.2-beta1/missing --run aclocal-1.11'
ACLOCAL_AMFLAGS='-I build/m4/sparkleshare -I build/m4/shamrock -I build/m4/shave ${ACLOCAL_FLAGS}'
ALL_LINGUAS=''
AMDEPBACKSLASH='\'
AMDEP_FALSE='#'
AMDEP_TRUE=''
AMTAR='${SHELL} /home/sascha/Downloads/sparkleshare-0.2-beta1/missing --run tar'
AM_MAKEFLAGS='`test -z $V && echo -s`'
ASM_VERSION='0.2'
AUTOCONF='${SHELL} /home/sascha/Downloads/sparkleshare-0.2-beta1/missing --run autoconf'
AUTOHEADER='${SHELL} /home/sascha/Downloads/sparkleshare-0.2-beta1/missing --run autoheader'
AUTOMAKE='${SHELL} /home/sascha/Downloads/sparkleshare-0.2-beta1/missing --run automake-1.11'
AWK='mawk'
CC='/bin/bash /home/sascha/Downloads/sparkleshare-0.2-beta1/build/m4/shave/shave cc gcc'
CCDEPMODE='depmode=none'
CFLAGS='-g -O2'
CPPFLAGS=''
CXX='/bin/bash /home/sascha/Downloads/sparkleshare-0.2-beta1/build/m4/shave/shave cxx '
CYGPATH_W='echo'
DATADIRNAME='share'
DEFS='-DPACKAGE_NAME=\"SparkleShare\" -DPACKAGE_TARNAME=\"sparkleshare\" -DPACKAGE_VERSION=\"0.2-beta1\" -DPACKAGE_STRING=\"SparkleShare\ 0.2-beta1\" -DPACKAGE_BUGREPORT=\"\" -DPACKAGE=\"sparkleshare\" -DVERSION=\"0.2-beta1\" -DGETTEXT_PACKAGE=\"sparkleshare\"'
DEPDIR='.deps'
DISTCHECK_CONFIGURE_FLAGS='--disable-scrollkeeper '
DOC_USER_FORMATS=''
ECHO_C=''
ECHO_N='-n'
ECHO_T=''
ENABLE_ATK_FALSE='#'
ENABLE_ATK_TRUE=''
ENABLE_DEBUG_FALSE='#'
ENABLE_DEBUG_TRUE=''
ENABLE_RELEASE_FALSE=''
ENABLE_RELEASE_TRUE='#'
ENABLE_SK_FALSE='#'
ENABLE_SK_TRUE=''
ENABLE_TESTS_FALSE=''
ENABLE_TESTS_TRUE='#'
EXEEXT=''
F77='/bin/bash /home/sascha/Downloads/sparkleshare-0.2-beta1/build/m4/shave/shave f77 '
FC='/bin/bash /home/sascha/Downloads/sparkleshare-0.2-beta1/build/m4/shave/shave fc '
GETTEXT_PACKAGE='sparkleshare'
GLIBSHARP_2_12_7_CFLAGS='-I:/usr/lib/pkgconfig/../../share/gapi-2.0/glib-api.xml  '
GLIBSHARP_2_12_7_LIBS='-r:/usr/lib/pkgconfig/../../lib/cli/glib-sharp-2.0/glib-sharp.dll  '
GLIBSHARP_CFLAGS='-I:/usr/lib/pkgconfig/../../share/gapi-2.0/glib-api.xml  '
GLIBSHARP_LIBS='-r:/usr/lib/pkgconfig/../../lib/cli/glib-sharp-2.0/glib-sharp.dll  '
GMCS='/usr/bin/gmcs'
GMSGFMT='/usr/bin/msgfmt'
GNOME_DOC_UTILS_CFLAGS=' '
GNOME_DOC_UTILS_LIBS=' '
GTKSHARP_A11Y_CFLAGS='-I:/usr/lib/pkgconfig/../../share/gapi-2.0/pango-api.xml -I:/usr/lib/pkgconfig/../../share/gapi-2.0/atk-api.xml -I:/usr/lib/pkgconfig/../../share/gapi-2.0/gdk-api.xml -I:/usr/lib/pkgconfig/../../share/gapi-2.0/gtk-api.xml -I:/usr/lib/pkgconfig/../../share/gapi-2.0/glib-api.xml  '
GTKSHARP_A11Y_LIBS='-r:/usr/lib/pkgconfig/../../lib/cli/pango-sharp-2.0/pango-sharp.dll -r:/usr/lib/pkgconfig/../../lib/cli/atk-sharp-2.0/atk-sharp.dll -r:/usr/lib/pkgconfig/../../lib/cli/gdk-sharp-2.0/gdk-sharp.dll -r:/usr/lib/pkgconfig/../../lib/cli/gtk-sharp-2.0/gtk-sharp.dll -r:/usr/lib/pkgconfig/../../lib/cli/glib-sharp-2.0/glib-sharp.dll  '
GTKSHARP_CFLAGS='-I:/usr/lib/pkgconfig/../../share/gapi-2.0/pango-api.xml -I:/usr/lib/pkgconfig/../../share/gapi-2.0/atk-api.xml -I:/usr/lib/pkgconfig/../../share/gapi-2.0/gdk-api.xml -I:/usr/lib/pkgconfig/../../share/gapi-2.0/gtk-api.xml -I:/usr/lib/pkgconfig/../../share/gapi-2.0/glib-api.xml  '
GTKSHARP_LIBS='-r:/usr/lib/pkgconfig/../../lib/cli/pango-sharp-2.0/pango-sharp.dll -r:/usr/lib/pkgconfig/../../lib/cli/atk-sharp-2.0/atk-sharp.dll -r:/usr/lib/pkgconfig/../../lib/cli/gdk-sharp-2.0/gdk-sharp.dll -r:/usr/lib/pkgconfig/../../lib/cli/gtk-sharp-2.0/gtk-sharp.dll -r:/usr/lib/pkgconfig/../../lib/cli/glib-sharp-2.0/glib-sharp.dll  '
HAVE_GLIBSHARP_2_12_7_FALSE='#'
HAVE_GLIBSHARP_2_12_7_TRUE=''
HAVE_GNOME_DOC_UTILS_FALSE='#'
HAVE_GNOME_DOC_UTILS_TRUE=''
HELP_DIR='${datadir}/gnome/help'
INSTALL_DATA='${INSTALL} -m 644'
INSTALL_PROGRAM='${INSTALL}'
INSTALL_SCRIPT='${INSTALL}'
INSTALL_STRIP_PROGRAM='$(install_sh) -c -s'
INTLTOOL_CAVES_RULE='%.caves:     %.caves.in     $(INTLTOOL_MERGE) $(wildcard $(top_srcdir)/po/*.po) ; LC_ALL=C $(INTLTOOL_MERGE) -d -u -c $(top_builddir)/po/.intltool-merge-cache $(top_srcdir)/po $< $@'
INTLTOOL_DESKTOP_RULE='%.desktop:   %.desktop.in   $(INTLTOOL_MERGE) $(wildcard $(top_srcdir)/po/*.po) ; LC_ALL=C $(INTLTOOL_MERGE) -d -u -c $(top_builddir)/po/.intltool-merge-cache $(top_srcdir)/po $< $@'
INTLTOOL_DIRECTORY_RULE='%.directory: %.directory.in $(INTLTOOL_MERGE) $(wildcard $(top_srcdir)/po/*.po) ; LC_ALL=C $(INTLTOOL_MERGE) -d -u -c $(top_builddir)/po/.intltool-merge-cache $(top_srcdir)/po $< $@'
INTLTOOL_EXTRACT='/usr/bin/intltool-extract'
INTLTOOL_KBD_RULE='%.kbd:       %.kbd.in       $(INTLTOOL_MERGE) $(wildcard $(top_srcdir)/po/*.po) ; LC_ALL=C $(INTLTOOL_MERGE) -x -u -m -c $(top_builddir)/po/.intltool-merge-cache $(top_srcdir)/po $< $@'
INTLTOOL_KEYS_RULE='%.keys:      %.keys.in      $(INTLTOOL_MERGE) $(wildcard $(top_srcdir)/po/*.po) ; LC_ALL=C $(INTLTOOL_MERGE) -k -u -c $(top_builddir)/po/.intltool-merge-cache $(top_srcdir)/po $< $@'
INTLTOOL_MERGE='/usr/bin/intltool-merge'
INTLTOOL_OAF_RULE='%.oaf:       %.oaf.in       $(INTLTOOL_MERGE) $(wildcard $(top_srcdir)/po/*.po) ; LC_ALL=C $(INTLTOOL_MERGE) -o -p $(top_srcdir)/po $< $@'
INTLTOOL_PERL='/usr/bin/perl'
INTLTOOL_POLICY_RULE='%.policy:    %.policy.in    $(INTLTOOL_MERGE) $(wildcard $(top_srcdir)/po/*.po) ; LC_ALL=C $(INTLTOOL_MERGE) -x -u -c $(top_builddir)/po/.intltool-merge-cache $(top_srcdir)/po $< $@'
INTLTOOL_PONG_RULE='%.pong:      %.pong.in      $(INTLTOOL_MERGE) $(wildcard $(top_srcdir)/po/*.po) ; LC_ALL=C $(INTLTOOL_MERGE) -x -u -c $(top_builddir)/po/.intltool-merge-cache $(top_srcdir)/po $< $@'
INTLTOOL_PROP_RULE='%.prop:      %.prop.in      $(INTLTOOL_MERGE) $(wildcard $(top_srcdir)/po/*.po) ; LC_ALL=C $(INTLTOOL_MERGE) -d -u -c $(top_builddir)/po/.intltool-merge-cache $(top_srcdir)/po $< $@'
INTLTOOL_SCHEMAS_RULE='%.schemas:   %.schemas.in   $(INTLTOOL_MERGE) $(wildcard $(top_srcdir)/po/*.po) ; LC_ALL=C $(INTLTOOL_MERGE) -s -u -c $(top_builddir)/po/.intltool-merge-cache $(top_srcdir)/po $< $@'
INTLTOOL_SERVER_RULE='%.server:    %.server.in    $(INTLTOOL_MERGE) $(wildcard $(top_srcdir)/po/*.po) ; LC_ALL=C $(INTLTOOL_MERGE) -o -u -c $(top_builddir)/po/.intltool-merge-cache $(top_srcdir)/po $< $@'
INTLTOOL_SERVICE_RULE='%.service: %.service.in   $(INTLTOOL_MERGE) $(wildcard $(top_srcdir)/po/*.po) ; LC_ALL=C $(INTLTOOL_MERGE) -d -u -c $(top_builddir)/po/.intltool-merge-cache $(top_srcdir)/po $< $@'
INTLTOOL_SHEET_RULE='%.sheet:     %.sheet.in     $(INTLTOOL_MERGE) $(wildcard $(top_srcdir)/po/*.po) ; LC_ALL=C $(INTLTOOL_MERGE) -x -u -c $(top_builddir)/po/.intltool-merge-cache $(top_srcdir)/po $< $@'
INTLTOOL_SOUNDLIST_RULE='%.soundlist: %.soundlist.in $(INTLTOOL_MERGE) $(wildcard $(top_srcdir)/po/*.po) ; LC_ALL=C $(INTLTOOL_MERGE) -d -u -c $(top_builddir)/po/.intltool-merge-cache $(top_srcdir)/po $< $@'
INTLTOOL_THEME_RULE='%.theme:     %.theme.in     $(INTLTOOL_MERGE) $(wildcard $(top_srcdir)/po/*.po) ; LC_ALL=C $(INTLTOOL_MERGE) -d -u -c $(top_builddir)/po/.intltool-merge-cache $(top_srcdir)/po $< $@'
INTLTOOL_UI_RULE='%.ui:        %.ui.in        $(INTLTOOL_MERGE) $(wildcard $(top_srcdir)/po/*.po) ; LC_ALL=C $(INTLTOOL_MERGE) -x -u -c $(top_builddir)/po/.intltool-merge-cache $(top_srcdir)/po $< $@'
INTLTOOL_UPDATE='/usr/bin/intltool-update'
INTLTOOL_XAM_RULE='%.xam:       %.xml.in       $(INTLTOOL_MERGE) $(wildcard $(top_srcdir)/po/*.po) ; LC_ALL=C $(INTLTOOL_MERGE) -x -u -c $(top_builddir)/po/.intltool-merge-cache $(top_srcdir)/po $< $@'
INTLTOOL_XML_NOMERGE_RULE='%.xml:       %.xml.in       $(INTLTOOL_MERGE) ; LC_ALL=C $(INTLTOOL_MERGE) -x -u /tmp $< $@'
INTLTOOL_XML_RULE='%.xml:       %.xml.in       $(INTLTOOL_MERGE) $(wildcard $(top_srcdir)/po/*.po) ; LC_ALL=C $(INTLTOOL_MERGE) -x -u -c $(top_builddir)/po/.intltool-merge-cache $(top_srcdir)/po $< $@'
LDFLAGS=''
LIBOBJS=''
LIBS=''
LIBTOOL='/bin/bash /home/sascha/Downloads/sparkleshare-0.2-beta1/build/m4/shave/shave-libtool '\'''\'''
LN_S='ln -s'
LTLIBOBJS=''
MAINT='#'
MAINTAINER_MODE_FALSE=''
MAINTAINER_MODE_TRUE='#'
MAKEFLAGS='-s'
MAKEINFO='${SHELL} /home/sascha/Downloads/sparkleshare-0.2-beta1/missing --run makeinfo'
MCS='/bin/bash /home/sascha/Downloads/sparkleshare-0.2-beta1/build/m4/shave/shave mcs /usr/bin/gmcs'
MKDIR_P='/bin/mkdir -p'
MONO='/usr/bin/mono'
MONO_MODULE_CFLAGS='-D_REENTRANT -pthread -I/usr/include/mono-1.0 -I/usr/include/glib-2.0 -I/usr/lib/glib-2.0/include  '
MONO_MODULE_LIBS='-pthread -lmono -ldl -lpthread -lm -lgthread-2.0 -lrt -lglib-2.0  '
MSGFMT='/usr/bin/msgfmt'
MSGMERGE='/usr/bin/msgmerge'
NAUTILUS_EXTENSION_ENABLED_FALSE='#'
NAUTILUS_EXTENSION_ENABLED_TRUE=''
NAUTILUS_PREFIX='/usr'
NAUTILUS_PYTHON_CFLAGS=' '
NAUTILUS_PYTHON_DIR='/usr/lib/nautilus/extensions-2.0/python'
NAUTILUS_PYTHON_LIBS=' '
NDESK_DBUS_CFLAGS=' '
NDESK_DBUS_GLIB_CFLAGS=' '
NDESK_DBUS_GLIB_LIBS='-r:/usr/lib/cli/NDesk.DBus.GLib-1.0/NDesk.DBus.GLib.dll -r:/usr/lib/cli/NDesk.DBus-1.0/NDesk.DBus.dll  '
NDESK_DBUS_LIBS='-r:/usr/lib/cli/NDesk.DBus-1.0/NDesk.DBus.dll  '
NUNIT_CFLAGS=''
NUNIT_LIBS=''
OBJC='/bin/bash /home/sascha/Downloads/sparkleshare-0.2-beta1/build/m4/shave/shave objc '
OBJEXT='o'
OMF_DIR='${datadir}/omf'
PACKAGE='sparkleshare'
PACKAGE_BUGREPORT=''
PACKAGE_NAME='SparkleShare'
PACKAGE_STRING='SparkleShare 0.2-beta1'
PACKAGE_TARNAME='sparkleshare'
PACKAGE_VERSION='0.2-beta1'
PATH_SEPARATOR=':'
PKG_CONFIG='/usr/bin/pkg-config'
Q='$(V:1=)'
SED='sed'
SET_MAKE=''
SHELL='/bin/bash'
STRIP=''
USE_NLS='yes'
V='@'
VERSION='0.2-beta1'
XGETTEXT='/usr/bin/xgettext'
ac_ct_CC='gcc'
am__EXEEXT_FALSE=''
am__EXEEXT_TRUE='#'
am__fastdepCC_FALSE=''
am__fastdepCC_TRUE='#'
am__include='include'
am__isrc=''
am__leading_dot='.'
am__quote=''
am__tar='${AMTAR} chof - "$$tardir"'
am__untar='${AMTAR} xf -'
bindir='${exec_prefix}/bin'
build_alias=''
datadir='${datarootdir}'
datarootdir='${prefix}/share'
docdir='${datarootdir}/doc/${PACKAGE_TARNAME}'
dvidir='${docdir}'
exec_prefix='/usr/local'
expanded_bindir='/usr/local/bin'
expanded_datadir='/usr/local/share'
expanded_libdir='/usr/local/lib'
host_alias=''
htmldir='${docdir}'
includedir='${prefix}/include'
infodir='${datarootdir}/info'
install_sh='${SHELL} /home/sascha/Downloads/sparkleshare-0.2-beta1/install-sh'
libdir='${exec_prefix}/lib'
libexecdir='${exec_prefix}/libexec'
localedir='${datarootdir}/locale'
localstatedir='${prefix}/var'
mandir='${datarootdir}/man'
mkdir_p='/bin/mkdir -p'
oldincludedir='/usr/include'
pdfdir='${docdir}'
prefix='/usr/local'
program_transform_name='s,x,x,'
psdir='${docdir}'
sbindir='${exec_prefix}/sbin'
sharedstatedir='${prefix}/com'
shavedir='/home/sascha/Downloads/sparkleshare-0.2-beta1/build/m4/shave'
sysconfdir='${prefix}/etc'
target_alias=''

## ----------- ##
## confdefs.h. ##
## ----------- ##

#define PACKAGE_NAME "SparkleShare"
#define PACKAGE_TARNAME "sparkleshare"
#define PACKAGE_VERSION "0.2-beta1"
#define PACKAGE_STRING "SparkleShare 0.2-beta1"
#define PACKAGE_BUGREPORT ""
#define PACKAGE "sparkleshare"
#define VERSION "0.2-beta1"
#define GETTEXT_PACKAGE "sparkleshare"

configure: exit 0
